<?xml version="1.0" encoding="UTF-8"?>
<testng-results skipped="0" failed="0" total="1" passed="1">
  <reporter-output>
  </reporter-output>
  <suite name="Default suite" duration-ms="554050" started-at="2020-11-26T05:55:03Z" finished-at="2020-11-26T06:04:17Z">
    <groups>
    </groups>
    <test name="Default test" duration-ms="554050" started-at="2020-11-26T05:55:03Z" finished-at="2020-11-26T06:04:17Z">
      <class name="test.Up">
        <test-method status="PASS" signature="upload()[pri:0, instance:test.Up@75f5fd58]" name="upload" duration-ms="553764" started-at="2020-11-26T12:55:03Z" finished-at="2020-11-26T13:04:17Z">
          <reporter-output>
          </reporter-output>
        </test-method> <!-- upload -->
      </class> <!-- test.Up -->
    </test> <!-- Default test -->
  </suite> <!-- Default suite -->
</testng-results>
